[debug] [2023-10-24T11:40:38.890Z] ----------------------------------------------------------------------
[debug] [2023-10-24T11:40:38.893Z] Command:       C:\Program Files\nodejs\node.exe C:\Program Files\nodejs\node_modules\firebase-tools\lib\bin\firebase.js deploy
[debug] [2023-10-24T11:40:38.894Z] CLI Version:   11.29.0
[debug] [2023-10-24T11:40:38.894Z] Platform:      win32
[debug] [2023-10-24T11:40:38.894Z] Node Version:  v16.16.0
[debug] [2023-10-24T11:40:38.896Z] Time:          Tue Oct 24 2023 17:10:38 GMT+0530 (India Standard Time)
[debug] [2023-10-24T11:40:38.896Z] ----------------------------------------------------------------------
[debug] 
[debug] [2023-10-24T11:40:39.013Z] > command requires scopes: ["email","openid","https://www.googleapis.com/auth/cloudplatformprojects.readonly","https://www.googleapis.com/auth/firebase","https://www.googleapis.com/auth/cloud-platform"]
[debug] [2023-10-24T11:40:39.014Z] > authorizing via signed-in user (vaibhavyash28@gmail.com)
[debug] [2023-10-24T11:40:39.014Z] [iam] checking project peerlift for permissions ["firebase.projects.get","firebasehosting.sites.update"]
[debug] [2023-10-24T11:40:39.017Z] >>> [apiv2][query] POST https://cloudresourcemanager.googleapis.com/v1/projects/peerlift:testIamPermissions [none]
[debug] [2023-10-24T11:40:39.018Z] >>> [apiv2][(partial)header] POST https://cloudresourcemanager.googleapis.com/v1/projects/peerlift:testIamPermissions x-goog-quota-user=projects/peerlift
[debug] [2023-10-24T11:40:39.018Z] >>> [apiv2][body] POST https://cloudresourcemanager.googleapis.com/v1/projects/peerlift:testIamPermissions {"permissions":["firebase.projects.get","firebasehosting.sites.update"]}
[debug] [2023-10-24T11:40:40.664Z] <<< [apiv2][status] POST https://cloudresourcemanager.googleapis.com/v1/projects/peerlift:testIamPermissions 200
[debug] [2023-10-24T11:40:40.664Z] <<< [apiv2][body] POST https://cloudresourcemanager.googleapis.com/v1/projects/peerlift:testIamPermissions {"permissions":["firebase.projects.get","firebasehosting.sites.update"]}
[debug] [2023-10-24T11:40:40.666Z] >>> [apiv2][query] GET https://firebase.googleapis.com/v1beta1/projects/peerlift [none]
[debug] [2023-10-24T11:40:41.381Z] <<< [apiv2][status] GET https://firebase.googleapis.com/v1beta1/projects/peerlift 200
[debug] [2023-10-24T11:40:41.382Z] <<< [apiv2][body] GET https://firebase.googleapis.com/v1beta1/projects/peerlift {"projectId":"peerlift","projectNumber":"312814295077","displayName":"peerLift","name":"projects/peerlift","resources":{"hostingSite":"peerlift"},"state":"ACTIVE","etag":"1_679f7fbc-7573-4af1-a19e-e7a29d384660"}
[debug] [2023-10-24T11:40:50.181Z] >>> [apiv2][query] GET https://firebasehosting.googleapis.com/v1beta1/projects/peerlift/sites pageToken=&pageSize=10
[debug] [2023-10-24T11:40:51.480Z] <<< [apiv2][status] GET https://firebasehosting.googleapis.com/v1beta1/projects/peerlift/sites 200
[debug] [2023-10-24T11:40:51.480Z] <<< [apiv2][body] GET https://firebasehosting.googleapis.com/v1beta1/projects/peerlift/sites {"sites":[{"name":"projects/peerlift/sites/peerlift","defaultUrl":"https://peerlift.web.app","type":"DEFAULT_SITE"}]}
[debug] [2023-10-24T11:40:51.481Z] >>> [apiv2][query] GET https://firebasehosting.googleapis.com/v1beta1/projects/peerlift/sites 
[debug] [2023-10-24T11:40:52.687Z] <<< [apiv2][status] GET https://firebasehosting.googleapis.com/v1beta1/projects/peerlift/sites 200
[debug] [2023-10-24T11:40:52.688Z] <<< [apiv2][body] GET https://firebasehosting.googleapis.com/v1beta1/projects/peerlift/sites {"sites":[{"name":"projects/peerlift/sites/peerlift","defaultUrl":"https://peerlift.web.app","type":"DEFAULT_SITE"}]}
[debug] [2023-10-24T11:40:52.688Z] >>> [apiv2][query] GET https://firebase.googleapis.com/v1beta1/projects/peerlift/webApps/-/config [none]
[debug] [2023-10-24T11:40:53.633Z] <<< [apiv2][status] GET https://firebase.googleapis.com/v1beta1/projects/peerlift/webApps/-/config 200
[debug] [2023-10-24T11:40:53.633Z] <<< [apiv2][body] GET https://firebase.googleapis.com/v1beta1/projects/peerlift/webApps/-/config {"projectId":"peerlift","appId":"1:312814295077:web:ddfc1c998f4746c76dc7cc","storageBucket":"peerlift.appspot.com","apiKey":"AIzaSyBBpYAXvRrYdcB1k4lnVUwu1XvdFs27Qgc","authDomain":"peerlift.firebaseapp.com","messagingSenderId":"312814295077"}
[debug] [2023-10-24T11:42:03.464Z] TypeError: Cannot destructure property 'customConfig' of '(intermediate value)(intermediate value)(intermediate value)' as it is null.
    at loadConfig (C:\Users\vaibhav\Desktop\peer_lift\node_modules\next\dist\server\config.js:621:41)
    at getConfig (C:\Program Files\nodejs\node_modules\firebase-tools\lib\frameworks\next\index.js:303:28)
    at build (C:\Program Files\nodejs\node_modules\firebase-tools\lib\frameworks\next\index.js:60:46)
    at async prepareFrameworks (C:\Program Files\nodejs\node_modules\firebase-tools\lib\frameworks\index.js:286:108)
    at async deploy (C:\Program Files\nodejs\node_modules\firebase-tools\lib\deploy\index.js:53:13)
[error] 
[error] Error: An unexpected error has occurred.
[debug] [2023-10-24T11:43:47.118Z] ----------------------------------------------------------------------
[debug] [2023-10-24T11:43:47.121Z] Command:       C:\Program Files\nodejs\node.exe C:\Program Files\nodejs\node_modules\firebase-tools\lib\bin\firebase.js deploy
[debug] [2023-10-24T11:43:47.122Z] CLI Version:   11.29.0
[debug] [2023-10-24T11:43:47.122Z] Platform:      win32
[debug] [2023-10-24T11:43:47.122Z] Node Version:  v16.16.0
[debug] [2023-10-24T11:43:47.123Z] Time:          Tue Oct 24 2023 17:13:47 GMT+0530 (India Standard Time)
[debug] [2023-10-24T11:43:47.124Z] ----------------------------------------------------------------------
[debug] 
[debug] [2023-10-24T11:43:47.213Z] > command requires scopes: ["email","openid","https://www.googleapis.com/auth/cloudplatformprojects.readonly","https://www.googleapis.com/auth/firebase","https://www.googleapis.com/auth/cloud-platform"]
[debug] [2023-10-24T11:43:47.214Z] > authorizing via signed-in user (vaibhavyash28@gmail.com)
[debug] [2023-10-24T11:43:47.214Z] [iam] checking project peerlift for permissions ["firebase.projects.get","firebasehosting.sites.update"]
[debug] [2023-10-24T11:43:47.217Z] >>> [apiv2][query] POST https://cloudresourcemanager.googleapis.com/v1/projects/peerlift:testIamPermissions [none]
[debug] [2023-10-24T11:43:47.217Z] >>> [apiv2][(partial)header] POST https://cloudresourcemanager.googleapis.com/v1/projects/peerlift:testIamPermissions x-goog-quota-user=projects/peerlift
[debug] [2023-10-24T11:43:47.217Z] >>> [apiv2][body] POST https://cloudresourcemanager.googleapis.com/v1/projects/peerlift:testIamPermissions {"permissions":["firebase.projects.get","firebasehosting.sites.update"]}
